<?xml version="1.0" encoding="UTF-8"?>
<testng-results skipped="0" failed="0" total="2" passed="2">
  <reporter-output>
  </reporter-output>
  <suite name="Default suite" duration-ms="5091" started-at="2020-07-22T06:18:42Z" finished-at="2020-07-22T06:18:47Z">
    <groups>
    </groups>
    <test name="Default test" duration-ms="5091" started-at="2020-07-22T06:18:42Z" finished-at="2020-07-22T06:18:47Z">
      <class name="com.qa.verizon.test.HomePageTest">
        <test-method status="PASS" signature="setUp()[pri:0, instance:com.qa.verizon.test.HomePageTest@1e643faf]" name="setUp" is-config="true" duration-ms="3814" started-at="2020-07-22T02:18:42Z" finished-at="2020-07-22T02:18:45Z">
          <reporter-output>
          </reporter-output>
        </test-method> <!-- setUp -->
        <test-method status="PASS" signature="verifyHomePageTitleTest()[pri:1, instance:com.qa.verizon.test.HomePageTest@1e643faf]" name="verifyHomePageTitleTest" duration-ms="395" started-at="2020-07-22T02:18:45Z" finished-at="2020-07-22T02:18:46Z">
          <reporter-output>
          </reporter-output>
        </test-method> <!-- verifyHomePageTitleTest -->
        <test-method status="PASS" signature="mouseHoverAndClickTest()[pri:2, instance:com.qa.verizon.test.HomePageTest@1e643faf]" name="mouseHoverAndClickTest" duration-ms="866" started-at="2020-07-22T02:18:46Z" finished-at="2020-07-22T02:18:47Z">
          <reporter-output>
          </reporter-output>
        </test-method> <!-- mouseHoverAndClickTest -->
        <test-method status="PASS" signature="tearDown()[pri:0, instance:com.qa.verizon.test.HomePageTest@1e643faf]" name="tearDown" is-config="true" duration-ms="1" started-at="2020-07-22T02:18:47Z" finished-at="2020-07-22T02:18:47Z">
          <reporter-output>
          </reporter-output>
        </test-method> <!-- tearDown -->
      </class> <!-- com.qa.verizon.test.HomePageTest -->
    </test> <!-- Default test -->
  </suite> <!-- Default suite -->
</testng-results>
